2021-07-17 23:37:02.436  INFO 16152 --- [main] com.example.demo.RestdemoApplication     : Starting RestdemoApplication using Java 1.8.0_271 on LAPTOP-TGHB1QN9 with PID 16152 (C:\Users\emran\eclipse-workspace\restdemo\target\classes started by emran in C:\Users\emran\eclipse-workspace\restdemo)
2021-07-17 23:37:02.444  INFO 16152 --- [main] com.example.demo.RestdemoApplication     : No active profile set, falling back to default profiles: default
2021-07-17 23:37:04.573  INFO 16152 --- [main] .s.d.r.c.RepositoryConfigurationDelegate : Bootstrapping Spring Data JPA repositories in DEFAULT mode.
2021-07-17 23:37:05.005  INFO 16152 --- [main] .s.d.r.c.RepositoryConfigurationDelegate : Finished Spring Data repository scanning in 408 ms. Found 1 JPA repository interfaces.
2021-07-17 23:37:06.983  INFO 16152 --- [main] o.s.b.w.embedded.tomcat.TomcatWebServer  : Tomcat initialized with port(s): 8080 (http)
2021-07-17 23:37:07.010  INFO 16152 --- [main] o.apache.catalina.core.StandardService   : Starting service [Tomcat]
2021-07-17 23:37:07.011  INFO 16152 --- [main] org.apache.catalina.core.StandardEngine  : Starting Servlet engine: [Apache Tomcat/9.0.48]
2021-07-17 23:37:07.321  INFO 16152 --- [main] o.a.c.c.C.[Tomcat].[localhost].[/]       : Initializing Spring embedded WebApplicationContext
2021-07-17 23:37:07.322  INFO 16152 --- [main] w.s.c.ServletWebServerApplicationContext : Root WebApplicationContext: initialization completed in 4747 ms
2021-07-17 23:37:07.435  INFO 16152 --- [main] com.zaxxer.hikari.HikariDataSource       : demoapp - Starting...
2021-07-17 23:37:08.067  INFO 16152 --- [main] com.zaxxer.hikari.HikariDataSource       : demoapp - Start completed.
2021-07-17 23:37:08.084  INFO 16152 --- [main] o.s.b.a.h2.H2ConsoleAutoConfiguration    : H2 console available at '/h2-console'. Database available at 'jdbc:h2:mem:443392d7-9626-400b-b7f6-55cbe3d165c7'
2021-07-17 23:37:11.413  INFO 16152 --- [main] j.LocalContainerEntityManagerFactoryBean : Initialized JPA EntityManagerFactory for persistence unit 'default'
2021-07-17 23:37:12.387  WARN 16152 --- [main] JpaBaseConfiguration$JpaWebConfiguration : spring.jpa.open-in-view is enabled by default. Therefore, database queries may be performed during view rendering. Explicitly configure spring.jpa.open-in-view to disable this warning
2021-07-17 23:37:13.815  INFO 16152 --- [main] o.s.b.w.embedded.tomcat.TomcatWebServer  : Tomcat started on port(s): 8080 (http) with context path ''
2021-07-17 23:37:13.837  INFO 16152 --- [main] com.example.demo.RestdemoApplication     : Started RestdemoApplication in 12.563 seconds (JVM running for 14.023)
2021-07-17 23:38:13.372  INFO 16152 --- [http-nio-8080-exec-1] o.a.c.c.C.[Tomcat].[localhost].[/]       : Initializing Spring DispatcherServlet 'dispatcherServlet'
2021-07-17 23:38:13.374  INFO 16152 --- [http-nio-8080-exec-1] o.s.web.servlet.DispatcherServlet        : Initializing Servlet 'dispatcherServlet'
2021-07-17 23:38:13.380  INFO 16152 --- [http-nio-8080-exec-1] o.s.web.servlet.DispatcherServlet        : Completed initialization in 5 ms
2021-07-17 23:38:28.819  INFO 16152 --- [http-nio-8080-exec-3] c.e.demo.restcontroller.UserController   : This is an info message
2021-07-17 23:38:28.820  WARN 16152 --- [http-nio-8080-exec-3] c.e.demo.restcontroller.UserController   : This is a warn message
2021-07-17 23:38:28.821 ERROR 16152 --- [http-nio-8080-exec-3] c.e.demo.restcontroller.UserController   : This is an error message
2021-07-17 23:38:28.822  INFO 16152 --- [http-nio-8080-exec-3] c.e.d.service.usermgmt.UserMgmtService   : This is a service find all method
2021-07-17 23:38:28.822  WARN 16152 --- [http-nio-8080-exec-3] c.e.d.service.usermgmt.UserMgmtService   : This is a service find all method
2021-07-17 23:38:28.822 ERROR 16152 --- [http-nio-8080-exec-3] c.e.d.service.usermgmt.UserMgmtService   : This is a service find all method
