2021-07-18 21:45:28.315  INFO 20764 --- [main] com.example.demo.RestdemoApplication     : Starting RestdemoApplication using Java 11.0.11 on LAPTOP-TGHB1QN9 with PID 20764 (C:\Users\emran\eclipse-workspace\restdemo\target\classes started by emran in C:\Users\emran\eclipse-workspace\restdemo)
2021-07-18 21:45:28.321 DEBUG 20764 --- [main] com.example.demo.RestdemoApplication     : Running with Spring Boot v2.5.2, Spring v5.3.8
2021-07-18 21:45:28.322  INFO 20764 --- [main] com.example.demo.RestdemoApplication     : No active profile set, falling back to default profiles: default
2021-07-18 21:45:29.042  INFO 20764 --- [main] .s.d.r.c.RepositoryConfigurationDelegate : Bootstrapping Spring Data JPA repositories in DEFAULT mode.
2021-07-18 21:45:29.238  INFO 20764 --- [main] .s.d.r.c.RepositoryConfigurationDelegate : Finished Spring Data repository scanning in 186 ms. Found 1 JPA repository interfaces.
2021-07-18 21:45:30.065  INFO 20764 --- [main] o.s.b.w.embedded.tomcat.TomcatWebServer  : Tomcat initialized with port(s): 8080 (http)
2021-07-18 21:45:30.077  INFO 20764 --- [main] o.apache.catalina.core.StandardService   : Starting service [Tomcat]
2021-07-18 21:45:30.078  INFO 20764 --- [main] org.apache.catalina.core.StandardEngine  : Starting Servlet engine: [Apache Tomcat/9.0.48]
2021-07-18 21:45:30.232  INFO 20764 --- [main] o.a.c.c.C.[Tomcat].[localhost].[/]       : Initializing Spring embedded WebApplicationContext
2021-07-18 21:45:30.232  INFO 20764 --- [main] w.s.c.ServletWebServerApplicationContext : Root WebApplicationContext: initialization completed in 1837 ms
2021-07-18 21:45:30.271  INFO 20764 --- [main] com.zaxxer.hikari.HikariDataSource       : demoapp - Starting...
2021-07-18 21:45:30.508  INFO 20764 --- [main] com.zaxxer.hikari.HikariDataSource       : demoapp - Start completed.
2021-07-18 21:45:30.515  INFO 20764 --- [main] o.s.b.a.h2.H2ConsoleAutoConfiguration    : H2 console available at '/h2-console'. Database available at 'jdbc:h2:mem:d7689e0a-4ef4-4f5e-ab3e-aca868cc44ce'
2021-07-18 21:45:31.889  INFO 20764 --- [main] j.LocalContainerEntityManagerFactoryBean : Initialized JPA EntityManagerFactory for persistence unit 'default'
2021-07-18 21:45:32.259  WARN 20764 --- [main] JpaBaseConfiguration$JpaWebConfiguration : spring.jpa.open-in-view is enabled by default. Therefore, database queries may be performed during view rendering. Explicitly configure spring.jpa.open-in-view to disable this warning
2021-07-18 21:45:32.672  INFO 20764 --- [main] o.s.b.w.embedded.tomcat.TomcatWebServer  : Tomcat started on port(s): 8080 (http) with context path ''
2021-07-18 21:45:32.683  INFO 20764 --- [main] com.example.demo.RestdemoApplication     : Started RestdemoApplication in 4.969 seconds (JVM running for 6.032)
2021-07-18 21:45:40.738  INFO 20764 --- [http-nio-8080-exec-1] o.a.c.c.C.[Tomcat].[localhost].[/]       : Initializing Spring DispatcherServlet 'dispatcherServlet'
2021-07-18 21:45:40.740  INFO 20764 --- [http-nio-8080-exec-1] o.s.web.servlet.DispatcherServlet        : Initializing Servlet 'dispatcherServlet'
2021-07-18 21:45:40.742  INFO 20764 --- [http-nio-8080-exec-1] o.s.web.servlet.DispatcherServlet        : Completed initialization in 1 ms
2021-07-18 21:45:40.775 DEBUG 20764 --- [http-nio-8080-exec-1] c.e.d.c.usermgmt.UserController          : Start of getting user
2021-07-18 21:45:40.775 DEBUG 20764 --- [http-nio-8080-exec-1] c.e.d.s.usermgmt.UserMgmtServiceImpl     : This is a service find all method
2021-07-18 21:46:31.502 DEBUG 20764 --- [http-nio-8080-exec-3] c.e.d.c.usermgmt.UserController          : Start add user
2021-07-18 21:46:31.502 DEBUG 20764 --- [http-nio-8080-exec-3] c.e.d.s.usermgmt.UserMgmtServiceImpl     : This is a service save method
2021-07-18 21:46:31.503  INFO 20764 --- [http-nio-8080-exec-3] c.e.d.s.usermgmt.UserMgmtServiceImpl     : Saving user with name: Test and email: test@domain.com
2021-07-18 21:46:37.776 DEBUG 20764 --- [http-nio-8080-exec-4] c.e.d.c.usermgmt.UserController          : Start of getting user
2021-07-18 21:46:37.777 DEBUG 20764 --- [http-nio-8080-exec-4] c.e.d.s.usermgmt.UserMgmtServiceImpl     : This is a service find all method
2021-07-18 23:32:44.972  WARN 20764 --- [demoapp housekeeper] com.zaxxer.hikari.pool.HikariPool        : demoapp - Thread starvation or clock leap detected (housekeeper delta=1m12s660ms727µs500ns).
